# JRE version: Java(TM) SE Runtime Environment (8.0_144-b01) (build 1.8.0_144-b01)
# Java VM: Java HotSpot(TM) Client VM (25.144-b01 mixed mode windows-x86 )
Heap:
 def new generation   total 13824K, used 13823K [0x06a00000, 0x078f0000, 0x0bf50000)
  eden space 12352K, 100% used [0x06a00000, 0x07610000, 0x07610000)
  from space 1472K,  99% used [0x07780000, 0x078efff8, 0x078f0000)
  to   space 1472K,   0% used [0x07610000, 0x07610000, 0x07780000)
 tenured generation   total 32732K, used 32731K [0x0bf50000, 0x0df47000, 0x16a00000)
   the space 32732K,  99% used [0x0bf50000, 0x0df46fd8, 0x0df47000, 0x0df47000)
 Metaspace       used 41429K, capacity 42877K, committed 42880K, reserved 44416K
GC Heap History (10 events):
Event: 35.853 GC heap after
Heap after GC invocations=152 (full 14):
 def new generation   total 13824K, used 1459K [0x06a00000, 0x078f0000, 0x0bf50000)
  eden space 12352K,  11% used [0x06a00000, 0x06b6ce10, 0x07610000)
  from space 1472K,   0% used [0x07610000, 0x07610000, 0x07780000)
  to   space 1472K,   0% used [0x07780000, 0x07780000, 0x078f0000)
 tenured generation   total 30536K, used 30534K [0x0bf50000, 0x0dd22000, 0x16a00000)
   the space 30536K,  99% used [0x0bf50000, 0x0dd21b98, 0x0dd21c00, 0x0dd22000)
 Metaspace       used 40705K, capacity 42128K, committed 42240K, reserved 42368K
}
Event: 35.905 GC heap before
{Heap before GC invocations=152 (full 14):
 def new generation   total 13824K, used 12352K [0x06a00000, 0x078f0000, 0x0bf50000)
  eden space 12352K, 100% used [0x06a00000, 0x07610000, 0x07610000)
  from space 1472K,   0% used [0x07610000, 0x07610000, 0x07780000)
  to   space 1472K,   0% used [0x07780000, 0x07780000, 0x078f0000)
 tenured generation   total 30536K, used 30534K [0x0bf50000, 0x0dd22000, 0x16a00000)
   the space 30536K,  99% used [0x0bf50000, 0x0dd21b98, 0x0dd21c00, 0x0dd22000)
 Metaspace       used 40773K, capacity 42163K, committed 42240K, reserved 42368K
Event: 36.037 GC heap after
Heap after GC invocations=153 (full 15):
 def new generation   total 13824K, used 1348K [0x06a00000, 0x078f0000, 0x0bf50000)
  eden space 12352K,  10% used [0x06a00000, 0x06b51320, 0x07610000)
  from space 1472K,   0% used [0x07780000, 0x07780000, 0x078f0000)
  to   space 1472K,   0% used [0x07610000, 0x07610000, 0x07780000)
 tenured generation   total 32104K, used 32103K [0x0bf50000, 0x0deaa000, 0x16a00000)
   the space 32104K,  99% used [0x0bf50000, 0x0dea9ff0, 0x0deaa000, 0x0deaa000)
 Metaspace       used 40773K, capacity 42163K, committed 42240K, reserved 42368K
}
Event: 36.104 GC heap before
{Heap before GC invocations=153 (full 15):
 def new generation   total 13824K, used 12352K [0x06a00000, 0x078f0000, 0x0bf50000)
  eden space 12352K, 100% used [0x06a00000, 0x07610000, 0x07610000)
  from space 1472K,   0% used [0x07780000, 0x07780000, 0x078f0000)
  to   space 1472K,   0% used [0x07610000, 0x07610000, 0x07780000)
 tenured generation   total 32104K, used 32103K [0x0bf50000, 0x0deaa000, 0x16a00000)
   the space 32104K,  99% used [0x0bf50000, 0x0dea9ff0, 0x0deaa000, 0x0deaa000)
 Metaspace       used 40875K, capacity 42323K, committed 42368K, reserved 42368K
Event: 36.278 GC heap after
Heap after GC invocations=154 (full 16):
 def new generation   total 13824K, used 10K [0x06a00000, 0x078f0000, 0x0bf50000)
  eden space 12352K,   0% used [0x06a00000, 0x06a029d8, 0x07610000)
  from space 1472K,   0% used [0x07610000, 0x07610000, 0x07780000)
  to   space 1472K,   0% used [0x07780000, 0x07780000, 0x078f0000)
 tenured generation   total 32572K, used 32571K [0x0bf50000, 0x0df1f000, 0x16a00000)
   the space 32572K,  99% used [0x0bf50000, 0x0df1efe0, 0x0df1f000, 0x0df1f000)
 Metaspace       used 40875K, capacity 42323K, committed 42368K, reserved 42368K
}
Event: 36.342 GC heap before
{Heap before GC invocations=154 (full 16):
 def new generation   total 13824K, used 12352K [0x06a00000, 0x078f0000, 0x0bf50000)
  eden space 12352K, 100% used [0x06a00000, 0x07610000, 0x07610000)
  from space 1472K,   0% used [0x07610000, 0x07610000, 0x07780000)
  to   space 1472K,   0% used [0x07780000, 0x07780000, 0x078f0000)
 tenured generation   total 32572K, used 32571K [0x0bf50000, 0x0df1f000, 0x16a00000)
   the space 32572K,  99% used [0x0bf50000, 0x0df1efe0, 0x0df1f000, 0x0df1f000)
 Metaspace       used 40898K, capacity 42330K, committed 42368K, reserved 42368K
Event: 36.474 GC heap after
Heap after GC invocations=155 (full 17):
 def new generation   total 13824K, used 389K [0x06a00000, 0x078f0000, 0x0bf50000)
  eden space 12352K,   3% used [0x06a00000, 0x06a614f0, 0x07610000)
  from space 1472K,   0% used [0x07780000, 0x07780000, 0x078f0000)
  to   space 1472K,   0% used [0x07610000, 0x07610000, 0x07780000)
 tenured generation   total 32572K, used 32571K [0x0bf50000, 0x0df1f000, 0x16a00000)
   the space 32572K,  99% used [0x0bf50000, 0x0df1eff8, 0x0df1f000, 0x0df1f000)
 Metaspace       used 40898K, capacity 42330K, committed 42368K, reserved 42368K
}
Event: 36.553 GC heap before
{Heap before GC invocations=155 (full 17):
 def new generation   total 13824K, used 12352K [0x06a00000, 0x078f0000, 0x0bf50000)
  eden space 12352K, 100% used [0x06a00000, 0x07610000, 0x07610000)
  from space 1472K,   0% used [0x07780000, 0x07780000, 0x078f0000)
  to   space 1472K,   0% used [0x07610000, 0x07610000, 0x07780000)
 tenured generation   total 32572K, used 32571K [0x0bf50000, 0x0df1f000, 0x16a00000)
   the space 32572K,  99% used [0x0bf50000, 0x0df1eff8, 0x0df1f000, 0x0df1f000)
 Metaspace       used 40925K, capacity 42365K, committed 42368K, reserved 42368K
Event: 36.687 GC heap after
Heap after GC invocations=156 (full 18):
 def new generation   total 13824K, used 942K [0x06a00000, 0x078f0000, 0x0bf50000)
  eden space 12352K,   7% used [0x06a00000, 0x06aeba00, 0x07610000)
  from space 1472K,   0% used [0x07610000, 0x07610000, 0x07780000)
  to   space 1472K,   0% used [0x07780000, 0x07780000, 0x078f0000)
 tenured generation   total 32572K, used 32571K [0x0bf50000, 0x0df1f000, 0x16a00000)
   the space 32572K,  99% used [0x0bf50000, 0x0df1eff8, 0x0df1f000, 0x0df1f000)
 Metaspace       used 40925K, capacity 42365K, committed 42368K, reserved 42368K
}
Event: 36.891 GC heap before
{Heap before GC invocations=156 (full 18):
 def new generation   total 13824K, used 12352K [0x06a00000, 0x078f0000, 0x0bf50000)
  eden space 12352K, 100% used [0x06a00000, 0x07610000, 0x07610000)
  from space 1472K,   0% used [0x07610000, 0x07610000, 0x07780000)
  to   space 1472K,   0% used [0x07780000, 0x07780000, 0x078f0000)
 tenured generation   total 32572K, used 32571K [0x0bf50000, 0x0df1f000, 0x16a00000)
   the space 32572K,  99% used [0x0bf50000, 0x0df1eff8, 0x0df1f000, 0x0df1f000)
 Metaspace       used 41429K, capacity 42877K, committed 42880K, reserved 44416K

